<?xml version="1.0" encoding="UTF-8"?>
<!-- Generated by org.testng.reporters.JUnitXMLReporter -->
<testsuite ignored="0" hostname="LAPTOP-MN4O0QBQ" failures="0" tests="11" name="OpencartTest" time="161.591" errors="0" timestamp="2023-04-08T11:21:44 EDT">
  <testcase classname="testCases.TC_001_AccountRegistrationTest" name="test_account_Registration" time="4.799"/>
  <testcase classname="testCases.TC_002_LoginTest" name="test_login" time="1.409"/>
  <testcase classname="testCases.TC_003_LoginDDT" name="test_LoginDDT" time="17.102"/>
  <testcase classname="testCases.TC_003_LoginDDT" name="test_LoginDDT" time="16.893"/>
  <testcase classname="testCases.TC_003_LoginDDT" name="test_LoginDDT" time="16.728"/>
  <testcase classname="testCases.TC_003_LoginDDT" name="test_LoginDDT" time="16.425"/>
  <testcase classname="testCases.TC_003_LoginDDT" name="test_LoginDDT" time="2.263"/>
  <testcase classname="testCases.TC_003_LoginDDT" name="test_LoginDDT" time="16.078"/>
  <testcase classname="testCases.TC_004_SearchProductTest" name="test_pruductSearch" time="0.909"/>
  <testcase classname="testCases.TC_005_AddToCartPageTest" name="test_addToCart" time="2.974"/>
  <testcase classname="testCases.TC_006_EndToEndTest" name="endToendTest" time="45.383"/>
</testsuite> <!-- OpencartTest -->
