<?xml version="1.0" encoding="UTF-8"?>
<testng-results ignored="0" total="11" passed="11" failed="0" skipped="0">
  <reporter-output>
  </reporter-output>
  <suite started-at="2023-04-08T11:19:02 EDT" name="OpencartSuite" finished-at="2023-04-08T11:21:44 EDT" duration-ms="161591">
    <groups>
      <group name="Master">
        <method signature="TC_001_AccountRegistrationTest.test_account_Registration()[pri:0, instance:testCases.TC_001_AccountRegistrationTest@6283d8b8]" name="test_account_Registration" class="testCases.TC_001_AccountRegistrationTest"/>
        <method signature="TC_002_LoginTest.test_login()[pri:0, instance:testCases.TC_002_LoginTest@1a18644]" name="test_login" class="testCases.TC_002_LoginTest"/>
      </group> <!-- Master -->
      <group name="Sanity">
        <method signature="TC_002_LoginTest.test_login()[pri:0, instance:testCases.TC_002_LoginTest@1a18644]" name="test_login" class="testCases.TC_002_LoginTest"/>
      </group> <!-- Sanity -->
      <group name="Regression">
        <method signature="TC_001_AccountRegistrationTest.test_account_Registration()[pri:0, instance:testCases.TC_001_AccountRegistrationTest@6283d8b8]" name="test_account_Registration" class="testCases.TC_001_AccountRegistrationTest"/>
      </group> <!-- Regression -->
    </groups>
    <test started-at="2023-04-08T11:19:02 EDT" name="OpencartTest" finished-at="2023-04-08T11:21:44 EDT" duration-ms="161591">
      <class name="testCases.TC_001_AccountRegistrationTest">
        <test-method is-config="true" signature="setup(java.lang.String)[pri:0, instance:testCases.TC_001_AccountRegistrationTest@6283d8b8]" started-at="2023-04-08T11:19:03 EDT" name="setup" finished-at="2023-04-08T11:19:07 EDT" duration-ms="4437" status="PASS">
          <params>
            <param index="0">
              <value>
                <![CDATA[chrome]]>
              </value>
            </param>
          </params>
          <reporter-output>
          </reporter-output>
        </test-method> <!-- setup -->
        <test-method signature="test_account_Registration()[pri:0, instance:testCases.TC_001_AccountRegistrationTest@6283d8b8]" started-at="2023-04-08T11:19:07 EDT" name="test_account_Registration" finished-at="2023-04-08T11:19:12 EDT" duration-ms="4799" status="PASS">
          <reporter-output>
          </reporter-output>
        </test-method> <!-- test_account_Registration -->
        <test-method is-config="true" signature="tearDown()[pri:0, instance:testCases.TC_001_AccountRegistrationTest@6283d8b8]" started-at="2023-04-08T11:19:12 EDT" name="tearDown" finished-at="2023-04-08T11:19:12 EDT" duration-ms="266" status="PASS">
          <reporter-output>
          </reporter-output>
        </test-method> <!-- tearDown -->
      </class> <!-- testCases.TC_001_AccountRegistrationTest -->
      <class name="testCases.TC_002_LoginTest">
        <test-method is-config="true" signature="setup(java.lang.String)[pri:0, instance:testCases.TC_002_LoginTest@1a18644]" started-at="2023-04-08T11:19:12 EDT" name="setup" finished-at="2023-04-08T11:19:15 EDT" duration-ms="2722" status="PASS">
          <params>
            <param index="0">
              <value>
                <![CDATA[chrome]]>
              </value>
            </param>
          </params>
          <reporter-output>
          </reporter-output>
        </test-method> <!-- setup -->
        <test-method signature="test_login()[pri:0, instance:testCases.TC_002_LoginTest@1a18644]" started-at="2023-04-08T11:19:15 EDT" name="test_login" finished-at="2023-04-08T11:19:16 EDT" duration-ms="1409" status="PASS">
          <reporter-output>
          </reporter-output>
        </test-method> <!-- test_login -->
        <test-method is-config="true" signature="tearDown()[pri:0, instance:testCases.TC_002_LoginTest@1a18644]" started-at="2023-04-08T11:19:16 EDT" name="tearDown" finished-at="2023-04-08T11:19:17 EDT" duration-ms="204" status="PASS">
          <reporter-output>
          </reporter-output>
        </test-method> <!-- tearDown -->
      </class> <!-- testCases.TC_002_LoginTest -->
      <class name="testCases.TC_005_AddToCartPageTest">
        <test-method is-config="true" signature="setup(java.lang.String)[pri:0, instance:testCases.TC_005_AddToCartPageTest@614ca7df]" started-at="2023-04-08T11:20:50 EDT" name="setup" finished-at="2023-04-08T11:20:53 EDT" duration-ms="2485" status="PASS">
          <params>
            <param index="0">
              <value>
                <![CDATA[chrome]]>
              </value>
            </param>
          </params>
          <reporter-output>
          </reporter-output>
        </test-method> <!-- setup -->
        <test-method signature="test_addToCart()[pri:0, instance:testCases.TC_005_AddToCartPageTest@614ca7df]" started-at="2023-04-08T11:20:53 EDT" name="test_addToCart" finished-at="2023-04-08T11:20:56 EDT" duration-ms="2974" status="PASS">
          <reporter-output>
          </reporter-output>
        </test-method> <!-- test_addToCart -->
        <test-method is-config="true" signature="tearDown()[pri:0, instance:testCases.TC_005_AddToCartPageTest@614ca7df]" started-at="2023-04-08T11:20:56 EDT" name="tearDown" finished-at="2023-04-08T11:20:56 EDT" duration-ms="209" status="PASS">
          <reporter-output>
          </reporter-output>
        </test-method> <!-- tearDown -->
      </class> <!-- testCases.TC_005_AddToCartPageTest -->
      <class name="testCases.TC_004_SearchProductTest">
        <test-method is-config="true" signature="setup(java.lang.String)[pri:0, instance:testCases.TC_004_SearchProductTest@6cd28fa7]" started-at="2023-04-08T11:20:47 EDT" name="setup" finished-at="2023-04-08T11:20:49 EDT" duration-ms="2497" status="PASS">
          <params>
            <param index="0">
              <value>
                <![CDATA[chrome]]>
              </value>
            </param>
          </params>
          <reporter-output>
          </reporter-output>
        </test-method> <!-- setup -->
        <test-method signature="test_pruductSearch()[pri:0, instance:testCases.TC_004_SearchProductTest@6cd28fa7]" started-at="2023-04-08T11:20:49 EDT" name="test_pruductSearch" finished-at="2023-04-08T11:20:50 EDT" duration-ms="909" status="PASS">
          <reporter-output>
          </reporter-output>
        </test-method> <!-- test_pruductSearch -->
        <test-method is-config="true" signature="tearDown()[pri:0, instance:testCases.TC_004_SearchProductTest@6cd28fa7]" started-at="2023-04-08T11:20:50 EDT" name="tearDown" finished-at="2023-04-08T11:20:50 EDT" duration-ms="227" status="PASS">
          <reporter-output>
          </reporter-output>
        </test-method> <!-- tearDown -->
      </class> <!-- testCases.TC_004_SearchProductTest -->
      <class name="testCases.TC_006_EndToEndTest">
        <test-method is-config="true" signature="setup(java.lang.String)[pri:0, instance:testCases.TC_006_EndToEndTest@4738a206]" started-at="2023-04-08T11:20:56 EDT" name="setup" finished-at="2023-04-08T11:20:58 EDT" duration-ms="2193" status="PASS">
          <params>
            <param index="0">
              <value>
                <![CDATA[chrome]]>
              </value>
            </param>
          </params>
          <reporter-output>
          </reporter-output>
        </test-method> <!-- setup -->
        <test-method signature="endToendTest()[pri:0, instance:testCases.TC_006_EndToEndTest@4738a206]" started-at="2023-04-08T11:20:58 EDT" name="endToendTest" finished-at="2023-04-08T11:21:44 EDT" duration-ms="45383" status="PASS">
          <reporter-output>
          </reporter-output>
        </test-method> <!-- endToendTest -->
        <test-method is-config="true" signature="tearDown()[pri:0, instance:testCases.TC_006_EndToEndTest@4738a206]" started-at="2023-04-08T11:21:44 EDT" name="tearDown" finished-at="2023-04-08T11:21:44 EDT" duration-ms="286" status="PASS">
          <reporter-output>
          </reporter-output>
        </test-method> <!-- tearDown -->
      </class> <!-- testCases.TC_006_EndToEndTest -->
      <class name="testCases.TC_003_LoginDDT">
        <test-method is-config="true" signature="setup(java.lang.String)[pri:0, instance:testCases.TC_003_LoginDDT@5acf93bb]" started-at="2023-04-08T11:19:17 EDT" name="setup" finished-at="2023-04-08T11:19:20 EDT" duration-ms="3070" status="PASS">
          <params>
            <param index="0">
              <value>
                <![CDATA[chrome]]>
              </value>
            </param>
          </params>
          <reporter-output>
          </reporter-output>
        </test-method> <!-- setup -->
        <test-method signature="test_LoginDDT(java.lang.String,java.lang.String,java.lang.String)[pri:0, instance:testCases.TC_003_LoginDDT@5acf93bb]" started-at="2023-04-08T11:19:21 EDT" name="test_LoginDDT" data-provider="LoginData" finished-at="2023-04-08T11:19:38 EDT" duration-ms="17102" status="PASS">
          <params>
            <param index="0">
              <value>
                <![CDATA[lakshmi@yahoo.com]]>
              </value>
            </param>
            <param index="1">
              <value>
                <![CDATA[lakshmi]]>
              </value>
            </param>
            <param index="2">
              <value>
                <![CDATA[Invalid]]>
              </value>
            </param>
          </params>
          <reporter-output>
          </reporter-output>
        </test-method> <!-- test_LoginDDT -->
        <test-method signature="test_LoginDDT(java.lang.String,java.lang.String,java.lang.String)[pri:0, instance:testCases.TC_003_LoginDDT@5acf93bb]" started-at="2023-04-08T11:19:38 EDT" name="test_LoginDDT" data-provider="LoginData" finished-at="2023-04-08T11:19:55 EDT" duration-ms="16893" status="PASS">
          <params>
            <param index="0">
              <value>
                <![CDATA[laksh@yahoo.com]]>
              </value>
            </param>
            <param index="1">
              <value>
                <![CDATA[lanhy]]>
              </value>
            </param>
            <param index="2">
              <value>
                <![CDATA[Invalid]]>
              </value>
            </param>
          </params>
          <reporter-output>
          </reporter-output>
        </test-method> <!-- test_LoginDDT -->
        <test-method signature="test_LoginDDT(java.lang.String,java.lang.String,java.lang.String)[pri:0, instance:testCases.TC_003_LoginDDT@5acf93bb]" started-at="2023-04-08T11:19:55 EDT" name="test_LoginDDT" data-provider="LoginData" finished-at="2023-04-08T11:20:12 EDT" duration-ms="16728" status="PASS">
          <params>
            <param index="0">
              <value>
                <![CDATA[laks@hotmail.com]]>
              </value>
            </param>
            <param index="1">
              <value>
                <![CDATA[xyz]]>
              </value>
            </param>
            <param index="2">
              <value>
                <![CDATA[Invalid]]>
              </value>
            </param>
          </params>
          <reporter-output>
          </reporter-output>
        </test-method> <!-- test_LoginDDT -->
        <test-method signature="test_LoginDDT(java.lang.String,java.lang.String,java.lang.String)[pri:0, instance:testCases.TC_003_LoginDDT@5acf93bb]" started-at="2023-04-08T11:20:12 EDT" name="test_LoginDDT" data-provider="LoginData" finished-at="2023-04-08T11:20:28 EDT" duration-ms="16425" status="PASS">
          <params>
            <param index="0">
              <value>
                <![CDATA[abc123@gmail.com]]>
              </value>
            </param>
            <param index="1">
              <value>
                <![CDATA[test@123]]>
              </value>
            </param>
            <param index="2">
              <value>
                <![CDATA[Invalid]]>
              </value>
            </param>
          </params>
          <reporter-output>
          </reporter-output>
        </test-method> <!-- test_LoginDDT -->
        <test-method signature="test_LoginDDT(java.lang.String,java.lang.String,java.lang.String)[pri:0, instance:testCases.TC_003_LoginDDT@5acf93bb]" started-at="2023-04-08T11:20:28 EDT" name="test_LoginDDT" data-provider="LoginData" finished-at="2023-04-08T11:20:30 EDT" duration-ms="2263" status="PASS">
          <params>
            <param index="0">
              <value>
                <![CDATA[muali@gmail.com]]>
              </value>
            </param>
            <param index="1">
              <value>
                <![CDATA[test@123]]>
              </value>
            </param>
            <param index="2">
              <value>
                <![CDATA[Valid]]>
              </value>
            </param>
          </params>
          <reporter-output>
          </reporter-output>
        </test-method> <!-- test_LoginDDT -->
        <test-method signature="test_LoginDDT(java.lang.String,java.lang.String,java.lang.String)[pri:0, instance:testCases.TC_003_LoginDDT@5acf93bb]" started-at="2023-04-08T11:20:30 EDT" name="test_LoginDDT" data-provider="LoginData" finished-at="2023-04-08T11:20:47 EDT" duration-ms="16078" status="PASS">
          <params>
            <param index="0">
              <value>
                <![CDATA[]]>
              </value>
            </param>
            <param index="1">
              <value>
                <![CDATA[]]>
              </value>
            </param>
            <param index="2">
              <value>
                <![CDATA[]]>
              </value>
            </param>
          </params>
          <reporter-output>
          </reporter-output>
        </test-method> <!-- test_LoginDDT -->
        <test-method is-config="true" signature="tearDown()[pri:0, instance:testCases.TC_003_LoginDDT@5acf93bb]" started-at="2023-04-08T11:20:47 EDT" name="tearDown" finished-at="2023-04-08T11:20:47 EDT" duration-ms="298" status="PASS">
          <reporter-output>
          </reporter-output>
        </test-method> <!-- tearDown -->
      </class> <!-- testCases.TC_003_LoginDDT -->
    </test> <!-- OpencartTest -->
  </suite> <!-- OpencartSuite -->
</testng-results>
